<?xml version="1.0" encoding="UTF-8"?>
<!-- Generated by org.testng.reporters.JUnitReportReporter -->
<testsuite hostname="sonu" failures="0" tests="1" name="MyProject.HomePageTest" time="12.155" errors="0" timestamp="2022-01-21T00:44:01 IST" skipped="0">
  <testcase classname="MyProject.HomePageTest" name="loginTest" time="12.155"/>
  <system-out/>
</testsuite> <!-- MyProject.HomePageTest -->
