<?xml version="1.0" encoding="UTF-8"?>
<!-- Generated by org.testng.reporters.JUnitReportReporter -->
<testsuite hostname="sonu" failures="0" tests="1" name="MyProject.validateNavBar" time="8.364" errors="0" timestamp="2022-01-21T00:44:01 IST" skipped="0">
  <testcase classname="MyProject.validateNavBar" name="NavBarTest" time="8.364"/>
  <system-out/>
</testsuite> <!-- MyProject.validateNavBar -->
