<?xml version="1.0" encoding="UTF-8"?>
<!-- Generated by org.testng.reporters.JUnitReportReporter -->
<testsuite hostname="sonu" failures="0" tests="1" name="MyProject.validateNavBar" time="13.525" errors="0" timestamp="2022-01-20T22:23:07 IST" skipped="0">
  <testcase classname="MyProject.validateNavBar" name="NavBarTest" time="13.525"/>
  <system-out/>
</testsuite> <!-- MyProject.validateNavBar -->
