<?xml version="1.0" encoding="UTF-8"?>
<!-- Generated by org.testng.reporters.JUnitReportReporter -->
<testsuite hostname="sonu" failures="0" tests="1" name="MyProject.validateTitle" time="16.620" errors="0" timestamp="2022-01-20T22:23:07 IST" skipped="0">
  <testcase classname="MyProject.validateTitle" name="TitleTest" time="16.620"/>
  <system-out/>
</testsuite> <!-- MyProject.validateTitle -->
