<?xml version="1.0" encoding="UTF-8"?>
<!-- Generated by org.testng.reporters.JUnitReportReporter -->
<testsuite hostname="sonu" failures="0" tests="1" name="MyProject.HomePageTest" time="15.261" errors="0" timestamp="2022-01-20T23:17:34 IST" skipped="0">
  <testcase classname="MyProject.HomePageTest" name="loginTest" time="15.261"/>
  <system-out/>
</testsuite> <!-- MyProject.HomePageTest -->
